                                            The SAS System        09:39 Thursday, February 8, 2014   1

                                         The TTEST Procedure

                                             Statistics

                  Lower CL          Upper CL  Lower CL           Upper CL
 Variable      N      Mean    Mean      Mean   Std Dev  Std Dev   Std Dev  Std Err  Minimum  Maximum

 time         18    21.483  34.278    47.073    24.496   31.205    43.691   7.3551       12      121


                                               T-Tests

                               Variable      DF    t Value    Pr > |t|

                               time          17      -6.22      <.0001
                                            The SAS System        09:39 Thursday, February 8, 2014   2

                                             Obs    time

                                               1      12
                                               2      23
                                               3      31
                                               4      21
                                               5      19
                                               6      13
                                               7      23
                                               8      43
                                               9      12
                                              10     121
                                              11      21
                                              12      23
                                              13      65
                                              14      32
                                              15      12
                                              16      12
                                              17      32
                                              18     102
                                        comparing group means     09:39 Thursday, February 8, 2014   3

                                       Obs    gender    scores

                                         1      f         75
                                         2      f         76
                                         3      f         80
                                         4      f         77
                                         5      f         80
                                         6      f         77
                                         7      f         73
                                         8      m         82
                                         9      m         80
                                        10      m         85
                                        11      m         85
                                        12      m         78
                                        13      m         87
                                        14      m         82
                                        comparing group means     09:39 Thursday, February 8, 2014   4

                              Obs    innoculation    flu         ifcount

                               1       Innocula      Flu             .
                               2       Innocula      No              .
                               3       Not           innocula        .
                               4       Not           innocula       50
                                        comparing group means     09:39 Thursday, February 8, 2014   5

                              Obs     innoculation     flu       ifcount

                               1     Innoculated Fl    150           .
                               2     Innoculated No    lu 200        .
                               3     Not innoculate    Flu 30        .
                               4     Not innoculate    No Flu       50
                                        comparing group means     09:39 Thursday, February 8, 2014   6

                             Obs      innoculation      flu       ifcount

                              1     Innoculated Flu     150           .
                              2     Innoculated No F    lu 200        .
                              3     Not innoculated     Flu 30        .
                              4     Not innoculated     No Flu       50
                                        comparing group means     09:39 Thursday, February 8, 2014   7

                             Obs     innoculation      flu       ifcount

                              1     Innoculated        Flu         150
                              2     Innoculated        No Flu      200
                              3     Not innoculated    Flu         300
                              4     Not innoculated    No Flu      250
                                        comparing group means     09:39 Thursday, February 8, 2014   8

                             Obs     innoculation      flu       ifcount

                              1     Innoculated        Flu         150
                              2     Innoculated        No Flu      200
                              3     Not innoculated    Flu         300
                              4     Not innoculated    No Flu      250
                                        comparing group means     09:39 Thursday, February 8, 2014   9

                                          The FREQ Procedure

                                     Table of innoculation by flu

                              innoculation     flu

                              Frequency       ‚
                              Percent         ‚
                              Row Pct         ‚
                              Col Pct         ‚Flu     ‚No Flu  ‚  Total
                              ƒƒƒƒƒƒƒƒƒƒƒƒƒƒƒƒˆƒƒƒƒƒƒƒƒˆƒƒƒƒƒƒƒƒˆ
                              Innoculated     ‚    150 ‚    200 ‚    350
                                              ‚  16.67 ‚  22.22 ‚  38.89
                                              ‚  42.86 ‚  57.14 ‚
                                              ‚  33.33 ‚  44.44 ‚
                              ƒƒƒƒƒƒƒƒƒƒƒƒƒƒƒƒˆƒƒƒƒƒƒƒƒˆƒƒƒƒƒƒƒƒˆ
                              Not innoculated ‚    300 ‚    250 ‚    550
                                              ‚  33.33 ‚  27.78 ‚  61.11
                                              ‚  54.55 ‚  45.45 ‚
                                              ‚  66.67 ‚  55.56 ‚
                              ƒƒƒƒƒƒƒƒƒƒƒƒƒƒƒƒˆƒƒƒƒƒƒƒƒˆƒƒƒƒƒƒƒƒˆ
                              Total                450      450      900
                                                 50.00    50.00   100.00


                             Statistics for Table of innoculation by flu

                        Statistic                     DF       Value      Prob
                        ƒƒƒƒƒƒƒƒƒƒƒƒƒƒƒƒƒƒƒƒƒƒƒƒƒƒƒƒƒƒƒƒƒƒƒƒƒƒƒƒƒƒƒƒƒƒƒƒƒƒƒƒƒƒ
                        Chi-Square                     1     11.6883    0.0006
                        Likelihood Ratio Chi-Square    1     11.7191    0.0006
                        Continuity Adj. Chi-Square     1     11.2255    0.0008
                        Mantel-Haenszel Chi-Square     1     11.6753    0.0006
                        Phi Coefficient                      -0.1140
                        Contingency Coefficient               0.1132
                        Cramer's V                           -0.1140


                                         Fisher's Exact Test
                                  ƒƒƒƒƒƒƒƒƒƒƒƒƒƒƒƒƒƒƒƒƒƒƒƒƒƒƒƒƒƒƒƒƒƒ
                                  Cell (1,1) Frequency (F)       150
                                  Left-sided Pr <= F       3.978E-04
                                  Right-sided Pr >= F         0.9998

                                  Table Probability (P)    1.577E-04
                                  Two-sided Pr <= P        7.957E-04
                                        comparing group means     09:39 Thursday, February 8, 2014  10

                                          The FREQ Procedure

                             Statistics for Table of innoculation by flu

                        Statistic                              Value       ASE
                        ƒƒƒƒƒƒƒƒƒƒƒƒƒƒƒƒƒƒƒƒƒƒƒƒƒƒƒƒƒƒƒƒƒƒƒƒƒƒƒƒƒƒƒƒƒƒƒƒƒƒƒƒƒƒ
                        Gamma                                -0.2308    0.0652
                        Kendall's Tau-b                      -0.1140    0.0331
                        Stuart's Tau-c                       -0.1111    0.0323

                        Somers' D C|R                        -0.1169    0.0339
                        Somers' D R|C                        -0.1111    0.0323

                        Pearson Correlation                  -0.1140    0.0331
                        Spearman Correlation                 -0.1140    0.0331

                        Lambda Asymmetric C|R                 0.1111    0.0392
                        Lambda Asymmetric R|C                 0.0000    0.0000
                        Lambda Symmetric                      0.0625    0.0225

                        Uncertainty Coefficient C|R           0.0094    0.0055
                        Uncertainty Coefficient R|C           0.0097    0.0057
                        Uncertainty Coefficient Symmetric     0.0096    0.0056


                             Estimates of the Relative Risk (Row1/Row2)

                  Type of Study                   Value       95% Confidence Limits
                  ƒƒƒƒƒƒƒƒƒƒƒƒƒƒƒƒƒƒƒƒƒƒƒƒƒƒƒƒƒƒƒƒƒƒƒƒƒƒƒƒƒƒƒƒƒƒƒƒƒƒƒƒƒƒƒƒƒƒƒƒƒƒƒƒƒ
                  Case-Control (Odds Ratio)      0.6250        0.4770        0.8189
                  Cohort (Col1 Risk)             0.7857        0.6810        0.9065
                  Cohort (Col2 Risk)             1.2571        1.1051        1.4301

                                          Sample Size = 900
