                                          vertical bar chart      09:14 Thursday, February 7, 2014   1

       Obs    AGE    WEIGHT    RUNTIME    RSTPULSE    RUNPULSE    MAXPULSE     OXYGEN     GROUP

         1     57     73.37     12.63       58.0         174         176       39.407     2.000
         2     54     79.38     11.17       62.0         156         165       46.080     2.000
         3     52     76.32      9.63       48.0         164         166       45.441     2.000
         4     50     70.87      8.92       48.0         146         155       54.625     2.000
         5     51     67.25     11.08       48.0         172         172       45.118     2.000
         6     54     91.63     12.88       44.0         168         172       39.203     2.000
         7     51     73.71     10.47       59.0         186         188       45.790     2.000
         8     57     59.08      9.93       49.0         148         155       50.545     2.000
         9     49     76.32      9.40       56.0         186         188       48.673     2.000
        10     48     61.24     11.50       52.0         170         176       47.920     2.000
        11     52     82.78     10.00        0.5          53         170      172.000    47.467
        12     44     73.03     10.13       45.0         168         168       50.541     1.000
        13     45     87.66     14.03       56.0         186         192       37.388     1.000
        14     45     66.45     11.12       51.0         176         176       44.754     1.000
        15     47     79.15     10.60       47.0         162         164       47.273     1.000
        16     54     83.12     10.33       50.0         166         170       51.855     1.000
        17     49     81.42      8.95       44.0         180         185       49.156     1.000
        18     51     69.63     10.95       57.0         168         172       40.836     1.000
        19     51     77.91     10.00       48.0         162         168       46.672     1.000
        20     48     91.63     10.25       48.0         162         164       46.774     1.000
        21     49     73.37     10.08       76.0         168         168       50.388     1.000
        22     44     89.47     11.37       62.0         178         182       44.609     0.000
        23     40     75.07     10.07       62.0         185         185       45.313     0.000
        24     44     85.84      8.65       45.0         156         168       54.297     0.000
        25     42     68.15      8.17       40.0         166         172       59.571     0.000
        26     38     89.02      9.22       55.0         178         180       49.874     0.000
        27     47     77.45     11.63       58.0         176         176       44.811     0.000
        28     40     75.98     11.95       70.0         176         180       45.681     0.000
        29     43     81.19     10.85       64.0         162         170       49.091     0.000
        30     44     81.42     13.08       63.0         174         176       39.442     0.000
        31     38     81.87      8.63       48.0         170         186       60.055     0.000
                                          vertical bar chart      09:14 Thursday, February 7, 2014   2

       Obs    AGE    WEIGHT    RUNTIME    RSTPULSE    RUNPULSE    MAXPULSE     OXYGEN     GROUP

         1     57     73.37     12.63       58.0         174         176       39.407     2.000
         2     54     79.38     11.17       62.0         156         165       46.080     2.000
         3     52     76.32      9.63       48.0         164         166       45.441     2.000
         4     50     70.87      8.92       48.0         146         155       54.625     2.000
         5     51     67.25     11.08       48.0         172         172       45.118     2.000
         6     54     91.63     12.88       44.0         168         172       39.203     2.000
         7     51     73.71     10.47       59.0         186         188       45.790     2.000
         8     57     59.08      9.93       49.0         148         155       50.545     2.000
         9     49     76.32      9.40       56.0         186         188       48.673     2.000
        10     48     61.24     11.50       52.0         170         176       47.920     2.000
        11     52     82.78     10.00        0.5          53         170      172.000    47.467
        12     44     73.03     10.13       45.0         168         168       50.541     1.000
        13     45     87.66     14.03       56.0         186         192       37.388     1.000
        14     45     66.45     11.12       51.0         176         176       44.754     1.000
        15     47     79.15     10.60       47.0         162         164       47.273     1.000
        16     54     83.12     10.33       50.0         166         170       51.855     1.000
        17     49     81.42      8.95       44.0         180         185       49.156     1.000
        18     51     69.63     10.95       57.0         168         172       40.836     1.000
        19     51     77.91     10.00       48.0         162         168       46.672     1.000
        20     48     91.63     10.25       48.0         162         164       46.774     1.000
        21     49     73.37     10.08       76.0         168         168       50.388     1.000
        22     44     89.47     11.37       62.0         178         182       44.609     0.000
        23     40     75.07     10.07       62.0         185         185       45.313     0.000
        24     44     85.84      8.65       45.0         156         168       54.297     0.000
        25     42     68.15      8.17       40.0         166         172       59.571     0.000
        26     38     89.02      9.22       55.0         178         180       49.874     0.000
        27     47     77.45     11.63       58.0         176         176       44.811     0.000
        28     40     75.98     11.95       70.0         176         180       45.681     0.000
        29     43     81.19     10.85       64.0         162         170       49.091     0.000
        30     44     81.42     13.08       63.0         174         176       39.442     0.000
        31     38     81.87      8.63       48.0         170         186       60.055     0.000
                                          vertical bar chart      09:14 Thursday, February 7, 2014   3

       Obs    AGE    WEIGHT    RUNTIME    RSTPULSE    RUNPULSE    MAXPULSE     OXYGEN     GROUP

         1     57     73.37     12.63       58.0         174         176       39.407     2.000
         2     54     79.38     11.17       62.0         156         165       46.080     2.000
         3     52     76.32      9.63       48.0         164         166       45.441     2.000
         4     50     70.87      8.92       48.0         146         155       54.625     2.000
         5     51     67.25     11.08       48.0         172         172       45.118     2.000
         6     54     91.63     12.88       44.0         168         172       39.203     2.000
         7     51     73.71     10.47       59.0         186         188       45.790     2.000
         8     57     59.08      9.93       49.0         148         155       50.545     2.000
         9     49     76.32      9.40       56.0         186         188       48.673     2.000
        10     48     61.24     11.50       52.0         170         176       47.920     2.000
        11     52     82.78     10.00        0.5          53         170      172.000    47.467
        12     44     73.03     10.13       45.0         168         168       50.541     1.000
        13     45     87.66     14.03       56.0         186         192       37.388     1.000
        14     45     66.45     11.12       51.0         176         176       44.754     1.000
        15     47     79.15     10.60       47.0         162         164       47.273     1.000
        16     54     83.12     10.33       50.0         166         170       51.855     1.000
        17     49     81.42      8.95       44.0         180         185       49.156     1.000
        18     51     69.63     10.95       57.0         168         172       40.836     1.000
        19     51     77.91     10.00       48.0         162         168       46.672     1.000
        20     48     91.63     10.25       48.0         162         164       46.774     1.000
        21     49     73.37     10.08       76.0         168         168       50.388     1.000
        22     44     89.47     11.37       62.0         178         182       44.609     0.000
        23     40     75.07     10.07       62.0         185         185       45.313     0.000
        24     44     85.84      8.65       45.0         156         168       54.297     0.000
        25     42     68.15      8.17       40.0         166         172       59.571     0.000
        26     38     89.02      9.22       55.0         178         180       49.874     0.000
        27     47     77.45     11.63       58.0         176         176       44.811     0.000
        28     40     75.98     11.95       70.0         176         180       45.681     0.000
        29     43     81.19     10.85       64.0         162         170       49.091     0.000
        30     44     81.42     13.08       63.0         174         176       39.442     0.000
        31     38     81.87      8.63       48.0         170         186       60.055     0.000
                                          vertical bar chart      09:14 Thursday, February 7, 2014   4

       Obs    AGE    WEIGHT    RUNTIME    RSTPULSE    RUNPULSE    MAXPULSE     OXYGEN     GROUP

         1     57     73.37     12.63       58.0         174         176       39.407     2.000
         2     54     79.38     11.17       62.0         156         165       46.080     2.000
         3     52     76.32      9.63       48.0         164         166       45.441     2.000
         4     50     70.87      8.92       48.0         146         155       54.625     2.000
         5     51     67.25     11.08       48.0         172         172       45.118     2.000
         6     54     91.63     12.88       44.0         168         172       39.203     2.000
         7     51     73.71     10.47       59.0         186         188       45.790     2.000
         8     57     59.08      9.93       49.0         148         155       50.545     2.000
         9     49     76.32      9.40       56.0         186         188       48.673     2.000
        10     48     61.24     11.50       52.0         170         176       47.920     2.000
        11     52     82.78     10.00        0.5          53         170      172.000    47.467
        12     44     73.03     10.13       45.0         168         168       50.541     1.000
        13     45     87.66     14.03       56.0         186         192       37.388     1.000
        14     45     66.45     11.12       51.0         176         176       44.754     1.000
        15     47     79.15     10.60       47.0         162         164       47.273     1.000
        16     54     83.12     10.33       50.0         166         170       51.855     1.000
        17     49     81.42      8.95       44.0         180         185       49.156     1.000
        18     51     69.63     10.95       57.0         168         172       40.836     1.000
        19     51     77.91     10.00       48.0         162         168       46.672     1.000
        20     48     91.63     10.25       48.0         162         164       46.774     1.000
        21     49     73.37     10.08       76.0         168         168       50.388     1.000
        22     44     89.47     11.37       62.0         178         182       44.609     0.000
        23     40     75.07     10.07       62.0         185         185       45.313     0.000
        24     44     85.84      8.65       45.0         156         168       54.297     0.000
        25     42     68.15      8.17       40.0         166         172       59.571     0.000
        26     38     89.02      9.22       55.0         178         180       49.874     0.000
        27     47     77.45     11.63       58.0         176         176       44.811     0.000
        28     40     75.98     11.95       70.0         176         180       45.681     0.000
        29     43     81.19     10.85       64.0         162         170       49.091     0.000
        30     44     81.42     13.08       63.0         174         176       39.442     0.000
        31     38     81.87      8.63       48.0         170         186       60.055     0.000
                                          vertical bar chart      09:14 Thursday, February 7, 2014   5

       Obs    AGE    WEIGHT    RUNTIME    RSTPULSE    RUNPULSE    MAXPULSE     OXYGEN     GROUP

         1     57     73.37     12.63       58.0         174         176       39.407     2.000
         2     54     79.38     11.17       62.0         156         165       46.080     2.000
         3     52     76.32      9.63       48.0         164         166       45.441     2.000
         4     50     70.87      8.92       48.0         146         155       54.625     2.000
         5     51     67.25     11.08       48.0         172         172       45.118     2.000
         6     54     91.63     12.88       44.0         168         172       39.203     2.000
         7     51     73.71     10.47       59.0         186         188       45.790     2.000
         8     57     59.08      9.93       49.0         148         155       50.545     2.000
         9     49     76.32      9.40       56.0         186         188       48.673     2.000
        10     48     61.24     11.50       52.0         170         176       47.920     2.000
        11     52     82.78     10.00        0.5          53         170      172.000    47.467
        12     44     73.03     10.13       45.0         168         168       50.541     1.000
        13     45     87.66     14.03       56.0         186         192       37.388     1.000
        14     45     66.45     11.12       51.0         176         176       44.754     1.000
        15     47     79.15     10.60       47.0         162         164       47.273     1.000
        16     54     83.12     10.33       50.0         166         170       51.855     1.000
        17     49     81.42      8.95       44.0         180         185       49.156     1.000
        18     51     69.63     10.95       57.0         168         172       40.836     1.000
        19     51     77.91     10.00       48.0         162         168       46.672     1.000
        20     48     91.63     10.25       48.0         162         164       46.774     1.000
        21     49     73.37     10.08       76.0         168         168       50.388     1.000
        22     44     89.47     11.37       62.0         178         182       44.609     0.000
        23     40     75.07     10.07       62.0         185         185       45.313     0.000
        24     44     85.84      8.65       45.0         156         168       54.297     0.000
        25     42     68.15      8.17       40.0         166         172       59.571     0.000
        26     38     89.02      9.22       55.0         178         180       49.874     0.000
        27     47     77.45     11.63       58.0         176         176       44.811     0.000
        28     40     75.98     11.95       70.0         176         180       45.681     0.000
        29     43     81.19     10.85       64.0         162         170       49.091     0.000
        30     44     81.42     13.08       63.0         174         176       39.442     0.000
        31     38     81.87      8.63       48.0         170         186       60.055     0.000
                                          vertical bar chart      09:14 Thursday, February 7, 2014   6

       Obs    AGE    WEIGHT    RUNTIME    RSTPULSE    RUNPULSE    MAXPULSE     OXYGEN     GROUP

         1     57     73.37     12.63       58.0         174         176       39.407     2.000
         2     54     79.38     11.17       62.0         156         165       46.080     2.000
         3     52     76.32      9.63       48.0         164         166       45.441     2.000
         4     50     70.87      8.92       48.0         146         155       54.625     2.000
         5     51     67.25     11.08       48.0         172         172       45.118     2.000
         6     54     91.63     12.88       44.0         168         172       39.203     2.000
         7     51     73.71     10.47       59.0         186         188       45.790     2.000
         8     57     59.08      9.93       49.0         148         155       50.545     2.000
         9     49     76.32      9.40       56.0         186         188       48.673     2.000
        10     48     61.24     11.50       52.0         170         176       47.920     2.000
        11     52     82.78     10.00        0.5          53         170      172.000    47.467
        12     44     73.03     10.13       45.0         168         168       50.541     1.000
        13     45     87.66     14.03       56.0         186         192       37.388     1.000
        14     45     66.45     11.12       51.0         176         176       44.754     1.000
        15     47     79.15     10.60       47.0         162         164       47.273     1.000
        16     54     83.12     10.33       50.0         166         170       51.855     1.000
        17     49     81.42      8.95       44.0         180         185       49.156     1.000
        18     51     69.63     10.95       57.0         168         172       40.836     1.000
        19     51     77.91     10.00       48.0         162         168       46.672     1.000
        20     48     91.63     10.25       48.0         162         164       46.774     1.000
        21     49     73.37     10.08       76.0         168         168       50.388     1.000
        22     44     89.47     11.37       62.0         178         182       44.609     0.000
        23     40     75.07     10.07       62.0         185         185       45.313     0.000
        24     44     85.84      8.65       45.0         156         168       54.297     0.000
        25     42     68.15      8.17       40.0         166         172       59.571     0.000
        26     38     89.02      9.22       55.0         178         180       49.874     0.000
        27     47     77.45     11.63       58.0         176         176       44.811     0.000
        28     40     75.98     11.95       70.0         176         180       45.681     0.000
        29     43     81.19     10.85       64.0         162         170       49.091     0.000
        30     44     81.42     13.08       63.0         174         176       39.442     0.000
        31     38     81.87      8.63       48.0         170         186       60.055     0.000
                                          vertical bar chart      09:14 Thursday, February 7, 2014   7

       Obs    AGE    WEIGHT    RUNTIME    RSTPULSE    RUNPULSE    MAXPULSE     OXYGEN     GROUP

         1     57     73.37     12.63       58.0         174         176       39.407     2.000
         2     54     79.38     11.17       62.0         156         165       46.080     2.000
         3     52     76.32      9.63       48.0         164         166       45.441     2.000
         4     50     70.87      8.92       48.0         146         155       54.625     2.000
         5     51     67.25     11.08       48.0         172         172       45.118     2.000
         6     54     91.63     12.88       44.0         168         172       39.203     2.000
         7     51     73.71     10.47       59.0         186         188       45.790     2.000
         8     57     59.08      9.93       49.0         148         155       50.545     2.000
         9     49     76.32      9.40       56.0         186         188       48.673     2.000
        10     48     61.24     11.50       52.0         170         176       47.920     2.000
        11     52     82.78     10.00        0.5          53         170      172.000    47.467
        12     44     73.03     10.13       45.0         168         168       50.541     1.000
        13     45     87.66     14.03       56.0         186         192       37.388     1.000
        14     45     66.45     11.12       51.0         176         176       44.754     1.000
        15     47     79.15     10.60       47.0         162         164       47.273     1.000
        16     54     83.12     10.33       50.0         166         170       51.855     1.000
        17     49     81.42      8.95       44.0         180         185       49.156     1.000
        18     51     69.63     10.95       57.0         168         172       40.836     1.000
        19     51     77.91     10.00       48.0         162         168       46.672     1.000
        20     48     91.63     10.25       48.0         162         164       46.774     1.000
        21     49     73.37     10.08       76.0         168         168       50.388     1.000
        22     44     89.47     11.37       62.0         178         182       44.609     0.000
        23     40     75.07     10.07       62.0         185         185       45.313     0.000
        24     44     85.84      8.65       45.0         156         168       54.297     0.000
        25     42     68.15      8.17       40.0         166         172       59.571     0.000
        26     38     89.02      9.22       55.0         178         180       49.874     0.000
        27     47     77.45     11.63       58.0         176         176       44.811     0.000
        28     40     75.98     11.95       70.0         176         180       45.681     0.000
        29     43     81.19     10.85       64.0         162         170       49.091     0.000
        30     44     81.42     13.08       63.0         174         176       39.442     0.000
        31     38     81.87      8.63       48.0         170         186       60.055     0.000
                                          vertical bar chart      09:14 Thursday, February 7, 2014   8

       Obs    AGE    WEIGHT    RUNTIME    RSTPULSE    RUNPULSE    MAXPULSE     OXYGEN     GROUP

         1     57     73.37     12.63       58.0         174         176       39.407     2.000
         2     54     79.38     11.17       62.0         156         165       46.080     2.000
         3     52     76.32      9.63       48.0         164         166       45.441     2.000
         4     50     70.87      8.92       48.0         146         155       54.625     2.000
         5     51     67.25     11.08       48.0         172         172       45.118     2.000
         6     54     91.63     12.88       44.0         168         172       39.203     2.000
         7     51     73.71     10.47       59.0         186         188       45.790     2.000
         8     57     59.08      9.93       49.0         148         155       50.545     2.000
         9     49     76.32      9.40       56.0         186         188       48.673     2.000
        10     48     61.24     11.50       52.0         170         176       47.920     2.000
        11     52     82.78     10.00        0.5          53         170      172.000    47.467
        12     44     73.03     10.13       45.0         168         168       50.541     1.000
        13     45     87.66     14.03       56.0         186         192       37.388     1.000
        14     45     66.45     11.12       51.0         176         176       44.754     1.000
        15     47     79.15     10.60       47.0         162         164       47.273     1.000
        16     54     83.12     10.33       50.0         166         170       51.855     1.000
        17     49     81.42      8.95       44.0         180         185       49.156     1.000
        18     51     69.63     10.95       57.0         168         172       40.836     1.000
        19     51     77.91     10.00       48.0         162         168       46.672     1.000
        20     48     91.63     10.25       48.0         162         164       46.774     1.000
        21     49     73.37     10.08       76.0         168         168       50.388     1.000
        22     44     89.47     11.37       62.0         178         182       44.609     0.000
        23     40     75.07     10.07       62.0         185         185       45.313     0.000
        24     44     85.84      8.65       45.0         156         168       54.297     0.000
        25     42     68.15      8.17       40.0         166         172       59.571     0.000
        26     38     89.02      9.22       55.0         178         180       49.874     0.000
        27     47     77.45     11.63       58.0         176         176       44.811     0.000
        28     40     75.98     11.95       70.0         176         180       45.681     0.000
        29     43     81.19     10.85       64.0         162         170       49.091     0.000
        30     44     81.42     13.08       63.0         174         176       39.442     0.000
        31     38     81.87      8.63       48.0         170         186       60.055     0.000
                                        Using format statement    09:14 Thursday, February 7, 2014   9

                       Obs    STEERING    SEATBELT    SPEED    STATUS     COUNT

                         1    absent        no        0-29     serious       31
                         2    absent        no        0-29     not         1419
                         3    absent        no        30-49    serious      191
                         4    absent        no        30-49    not         2004
                         5    absent        no        50+      serious      216
                         6    absent        no        50+      not         1030
                         7    absent        yes       0-29     serious        6
                         8    absent        yes       0-29     not          255
                         9    absent        yes       30-49    serious       14
                        10    absent        yes       30-49    not          339
                        11    absent        yes       50+      serious       19
                        12    absent        yes       50+      not          200
                        13    present       no        0-29     serious       22
                        14    present       no        0-29     not          652
                        15    present       no        30-49    serious       57
                        16    present       no        30-49    not          928
                        17    present       no        50+      serious      108
                        18    present       no        50+      not          515
                        19    present       yes       0-29     serious        4
                        20    present       yes       0-29     not          199
                        21    present       yes       30-49    serious       11
                        22    present       yes       30-49    not          265
                        23    present       yes       50+      serious       20
                        24    present       yes       50+      not          157
                                           SUBGROUP option        09:14 Thursday, February 7, 2014  10

                        Obs    strait    gross    satisfaction    productivity

                         1        .        .            .               .
                         2        .        .            .               .
                         3        .        .            .               .
                                           SUBGROUP option        09:14 Thursday, February 7, 2014  11

                        Obs    strait    gross    satisfaction    productivity

                         1        .        .        15000	21        15000	22
                         2        .        .        15000	10        12000	25
                         3        .        .        12000	18        15000	22
                                           SUBGROUP option        09:14 Thursday, February 7, 2014  12

                        Obs    strait    gross    satisfaction    productivity

                          1       .        .       strait	gro      strait	gro
                          2       .        .       15000	2000      15000	2000
                          3       .        .       15000	2100      15000	2100
                          4       .        .       15000	2200      15000	2200
                          5       .        .       12000	1800      12000	1800
                          6       .        .       15000	1500      15000	1500
                          7       .        .       15000	1000      15000	1000
                          8       .        .       12000	2500      12000	2500
                          9       .        .       15000	3000      15000	3000
                         10       .        .       12000	5000      12000	5000
                         11       .        .       12000	1800      12000	1800
                         12       .        .       15000	2200      15000	2200
                         13       .        .       12000	2200      12000	2200
                         14       .        .       12000	1300      12000	1300
                         15       .        .       15000	2300      15000	2300
                                           SUBGROUP option        09:14 Thursday, February 7, 2014  13

                        Obs    strait    gross    satisfaction    productivity

                          1         .        .     ss	satisf       s	satisfa
                          2     15000    20000     0	High	go       	High	goo
                          3     15000    21000     0	moderat       	moderate
                          4     15000    22000     0	low	bad       12000	180
                          5     15000    15000     0	high	mo       	high	mod
                          6     15000    10000     0	moderat       	moderate
                          7     12000    25000     0	low	bad       15000	300
                          8     12000    50000     0	low	goo       	low	good
                          9     12000    18000     0	moderat       	moderate
                         10     15000    22000     0	high	go       	high	goo
                         11     12000    22000     0	high	go       	high	goo
                         12     12000    13000     0	moderat       	moderate
                         13     15000    23000     0	moderat       	moderate
                                           SUBGROUP option        09:14 Thursday, February 7, 2014  14

                        Obs    strait    gross    satisfaction    productivity

                          1         .        .     ss	satisf       s	satisfa
                          2     15000    20000     0	High	go       	High	goo
                          3     15000    21000     0	moderat       	moderate
                          4     15000    22000     0	low	bad       12000	180
                          5     15000    15000     0	high	mo       	high	mod
                          6     15000    10000     0	moderat       	moderate
                          7     12000    25000     0	low	bad       15000	300
                          8     12000    50000     0	low	goo       	low	good
                          9     12000    18000     0	moderat       	moderate
                         10     15000    22000     0	high	go       	high	goo
                         11     12000    22000     0	high	go       	high	goo
                         12     12000    13000     0	moderat       	moderate
                         13     15000    23000     0	moderat       	moderate
                                           SUBGROUP option        09:14 Thursday, February 7, 2014  15

                        Obs    strait    gross    satisfaction    productivity

                          1         .        .     ss	satisf       s	satisfa
                          2     15000    20000     0	High	go       	High	goo
                          3     15000    21000     0	moderat       	moderate
                          4     15000    22000     0	low	bad       12000	180
                          5     15000    15000     0	high	mo       	high	mod
                          6     15000    10000     0	moderat       	moderate
                          7     12000    25000     0	low	bad       15000	300
                          8     12000    50000     0	low	goo       	low	good
                          9     12000    18000     0	moderat       	moderate
                         10     15000    22000     0	high	go       	high	goo
                         11     12000    22000     0	high	go       	high	goo
                         12     12000    13000     0	moderat       	moderate
                         13     15000    23000     0	moderat       	moderate
                                           SUBGROUP option        09:14 Thursday, February 7, 2014  16

                        Obs    strait    gross    satisfaction    productivity

                          1         .        .     ss	satisf       s	satisfa
                          2     15000    20000     0	High	go       	High	goo
                          3     15000    21000     0	moderat       	moderate
                          4     15000    22000     0	low	bad       12000	180
                          5     15000    15000     0	high	mo       	high	mod
                          6     15000    10000     0	moderat       	moderate
                          7     12000    25000     0	low	bad       15000	300
                          8     12000    50000     0	low	goo       	low	good
                          9     12000    18000     0	moderat       	moderate
                         10     15000    22000     0	high	go       	high	goo
                         11     12000    22000     0	high	go       	high	goo
                         12     12000    13000     0	moderat       	moderate
                         13     15000    23000     0	moderat       	moderate
                                           SUBGROUP option        09:14 Thursday, February 7, 2014  17

                        Obs    strait    gross    satisfaction    productivity

                          1         .        .     ss	satisf       s	satisfa
                          2     15000    20000     0	High	go       	High	goo
                          3     15000    21000     0	moderat       	moderate
                          4     15000    22000     0	low	bad       12000	180
                          5     15000    15000     0	high	mo       	high	mod
                          6     15000    10000     0	moderat       	moderate
                          7     12000    25000     0	low	bad       15000	300
                          8     12000    50000     0	low	goo       	low	good
                          9     12000    18000     0	moderat       	moderate
                         10     15000    22000     0	high	go       	high	goo
                         11     12000    22000     0	high	go       	high	goo
                         12     12000    13000     0	moderat       	moderate
                         13     15000    23000     0	moderat       	moderate
                                           SUBGROUP option        09:14 Thursday, February 7, 2014  18

                        Obs    strait    gross    satisfaction    productivity

                          1         .        .     ss	satisf       s	satisfa
                          2     15000    20000     0	High	go       	High	goo
                          3     15000    21000     0	moderat       	moderate
                          4     15000    22000     0	low	bad       12000	180
                          5     15000    15000     0	high	mo       	high	mod
                          6     15000    10000     0	moderat       	moderate
                          7     12000    25000     0	low	bad       15000	300
                          8     12000    50000     0	low	goo       	low	good
                          9     12000    18000     0	moderat       	moderate
                         10     15000    22000     0	high	go       	high	goo
                         11     12000    22000     0	high	go       	high	goo
                         12     12000    13000     0	moderat       	moderate
                         13     15000    23000     0	moderat       	moderate
